<?xml version="1.0" encoding="UTF-8"?>
<testsuite xmlns:xsi="http://www.w3.org/2001/XMLSchema-instance" xsi:noNamespaceSchemaLocation="https://maven.apache.org/surefire/maven-surefire-plugin/xsd/surefire-test-report-3.0.xsd" version="3.0" name="com.hamdi.appointments.notification.NotificationServiceTest" time="1.493" tests="5" errors="0" skipped="0" failures="0">
  <properties>
[...]
</properties>
  <testcase name="testNotifyAllObservers_CalledTwice" classname="com.hamdi.appointments.notification.NotificationServiceTest" time="1.469">
    <system-err><![CDATA[WARNING: A Java agent has been loaded dynamically (C:\Users\Msys\.m2\repository\net\bytebuddy\byte-buddy-agent\1.14.6\byte-buddy-agent-1.14.6.jar)
WARNING: If a serviceability tool is in use, please run with -XX:+EnableDynamicAgentLoading to hide this warning
WARNING: If a serviceability tool is not in use, please run with -Djdk.instrument.traceUsage for more information
WARNING: Dynamic loading of agents will be disallowed by default in a future release
]]></system-err>
  </testcase>
  <testcase name="testNotifyWithoutObservers_DoesNothing" classname="com.hamdi.appointments.notification.NotificationServiceTest" time="0.004"/>
  <testcase name="testNotifyAllObservers_CorrectUsername" classname="com.hamdi.appointments.notification.NotificationServiceTest" time="0.005"/>
  <testcase name="testAddObserver_ThenNotify_CallsObserverOnce" classname="com.hamdi.appointments.notification.NotificationServiceTest" time="0.003"/>
  <testcase name="testAddSameObserverTwice_ShouldNotDuplicateNotification" classname="com.hamdi.appointments.notification.NotificationServiceTest" time="0.003"/>
</testsuite>