<?xml version="1.0" encoding="UTF-8"?>
<testsuite xmlns:xsi="http://www.w3.org/2001/XMLSchema-instance" xsi:noNamespaceSchemaLocation="https://maven.apache.org/surefire/maven-surefire-plugin/xsd/surefire-test-report-3.0.xsd" version="3.0" name="com.hamdi.appointments.service.AppointmentServiceTest" time="13.519" tests="19" errors="0" skipped="0" failures="0">
  <properties>
[...]
</properties>
  <testcase name="testAdminCancelAppointment_UserNotBooked" classname="com.hamdi.appointments.service.AppointmentServiceTest" time="0.021"/>
  <testcase name="testCancelAppointment_NotFound" classname="com.hamdi.appointments.service.AppointmentServiceTest" time="0.001"/>
  <testcase name="testBookAppointment_MultipleUsers_DifferentTypes" classname="com.hamdi.appointments.service.AppointmentServiceTest" time="8.226"/>
  <testcase name="testModifyAppointment_TypeTransferred" classname="com.hamdi.appointments.service.AppointmentServiceTest" time="1.475"/>
  <testcase name="testAdminModifyAppointment_UserNotBooked" classname="com.hamdi.appointments.service.AppointmentServiceTest" time="0.002"/>
  <testcase name="testGetAvailableAppointments" classname="com.hamdi.appointments.service.AppointmentServiceTest" time="0.155"/>
  <testcase name="testAdminCancelAppointment_Success" classname="com.hamdi.appointments.service.AppointmentServiceTest" time="0.622"/>
  <testcase name="testAdminModifyAppointment_Success" classname="com.hamdi.appointments.service.AppointmentServiceTest" time="0.921"/>
  <testcase name="testBookAppointment_WrongDuration" classname="com.hamdi.appointments.service.AppointmentServiceTest" time="0.001"/>
  <testcase name="testCancelAppointment_Success" classname="com.hamdi.appointments.service.AppointmentServiceTest" time="0.43"/>
  <testcase name="testModifyAppointment_Success" classname="com.hamdi.appointments.service.AppointmentServiceTest" time="0.573"/>
  <testcase name="testBookAppointment_Success" classname="com.hamdi.appointments.service.AppointmentServiceTest" time="0.32"/>
  <testcase name="testBookAppointment_NotFound" classname="com.hamdi.appointments.service.AppointmentServiceTest" time="0.001"/>
  <testcase name="testCancelAppointment_NotBooked" classname="com.hamdi.appointments.service.AppointmentServiceTest" time="0.319"/>
  <testcase name="testBookAppointment_RuleViolated_UrgentDuration" classname="com.hamdi.appointments.service.AppointmentServiceTest" time="0"/>
  <testcase name="testBookAppointment_AlreadyBooked" classname="com.hamdi.appointments.service.AppointmentServiceTest" time="0.246"/>
  <testcase name="testBookAppointment_FullyBooked" classname="com.hamdi.appointments.service.AppointmentServiceTest" time="0.176"/>
  <testcase name="testModifyAppointment_NotBooked" classname="com.hamdi.appointments.service.AppointmentServiceTest" time="0.001"/>
  <testcase name="testBookAppointment_RuleViolated_Individual" classname="com.hamdi.appointments.service.AppointmentServiceTest" time="0.009"/>
</testsuite>